<?xml version="1.0" encoding="UTF-8"?>
<!-- Generated by org.testng.reporters.JUnitReportReporter -->
<testsuite hostname="vijay" failures="0" tests="1" name="selinium.Login" time="11.709" errors="0" timestamp="2025-05-29T19:08:47 IST" skipped="0">
  <testcase classname="selinium.Login" name="use" time="11.709"/>
</testsuite> <!-- selinium.Login -->
